<?xml version="1.0" encoding="UTF-8"?>
<testsuite xmlns:xsi="http://www.w3.org/2001/XMLSchema-instance" xsi:noNamespaceSchemaLocation="https://maven.apache.org/surefire/maven-surefire-plugin/xsd/surefire-test-report.xsd" name="com.zmm.BlogApplicationTests" time="8.411" tests="1" errors="0" skipped="0" failures="0">
  <properties>
    <property name="gopherProxySet" value="false"/>
    <property name="awt.toolkit" value="sun.lwawt.macosx.LWCToolkit"/>
    <property name="file.encoding.pkg" value="sun.io"/>
    <property name="java.specification.version" value="1.8"/>
    <property name="sun.cpu.isalist" value=""/>
    <property name="sun.jnu.encoding" value="UTF-8"/>
    <property name="java.class.path" value="/Users/zhengmingming/IdeaProjects/blog/target/test-classes:/Users/zhengmingming/IdeaProjects/blog/target/classes:/Users/zhengmingming/Documents/java/repository/org/springframework/boot/spring-boot-starter-aop/2.1.6.RELEASE/spring-boot-starter-aop-2.1.6.RELEASE.jar:/Users/zhengmingming/Documents/java/repository/org/springframework/boot/spring-boot-starter/2.1.6.RELEASE/spring-boot-starter-2.1.6.RELEASE.jar:/Users/zhengmingming/Documents/java/repository/org/springframework/boot/spring-boot-starter-logging/2.1.6.RELEASE/spring-boot-starter-logging-2.1.6.RELEASE.jar:/Users/zhengmingming/Documents/java/repository/ch/qos/logback/logback-classic/1.2.3/logback-classic-1.2.3.jar:/Users/zhengmingming/Documents/java/repository/ch/qos/logback/logback-core/1.2.3/logback-core-1.2.3.jar:/Users/zhengmingming/Documents/java/repository/org/apache/logging/log4j/log4j-to-slf4j/2.11.2/log4j-to-slf4j-2.11.2.jar:/Users/zhengmingming/Documents/java/repository/org/apache/logging/log4j/log4j-api/2.11.2/log4j-api-2.11.2.jar:/Users/zhengmingming/Documents/java/repository/org/slf4j/jul-to-slf4j/1.7.26/jul-to-slf4j-1.7.26.jar:/Users/zhengmingming/Documents/java/repository/javax/annotation/javax.annotation-api/1.3.2/javax.annotation-api-1.3.2.jar:/Users/zhengmingming/Documents/java/repository/org/yaml/snakeyaml/1.23/snakeyaml-1.23.jar:/Users/zhengmingming/Documents/java/repository/org/springframework/spring-aop/5.1.8.RELEASE/spring-aop-5.1.8.RELEASE.jar:/Users/zhengmingming/Documents/java/repository/org/springframework/spring-beans/5.1.8.RELEASE/spring-beans-5.1.8.RELEASE.jar:/Users/zhengmingming/Documents/java/repository/org/aspectj/aspectjweaver/1.9.4/aspectjweaver-1.9.4.jar:/Users/zhengmingming/Documents/java/repository/org/springframework/boot/spring-boot-starter-data-jpa/2.1.6.RELEASE/spring-boot-starter-data-jpa-2.1.6.RELEASE.jar:/Users/zhengmingming/Documents/java/repository/org/springframework/boot/spring-boot-starter-jdbc/2.1.6.RELEASE/spring-boot-starter-jdbc-2.1.6.RELEASE.jar:/Users/zhengmingming/Documents/java/repository/com/zaxxer/HikariCP/3.2.0/HikariCP-3.2.0.jar:/Users/zhengmingming/Documents/java/repository/org/springframework/spring-jdbc/5.1.8.RELEASE/spring-jdbc-5.1.8.RELEASE.jar:/Users/zhengmingming/Documents/java/repository/javax/transaction/javax.transaction-api/1.3/javax.transaction-api-1.3.jar:/Users/zhengmingming/Documents/java/repository/javax/xml/bind/jaxb-api/2.3.1/jaxb-api-2.3.1.jar:/Users/zhengmingming/Documents/java/repository/javax/activation/javax.activation-api/1.2.0/javax.activation-api-1.2.0.jar:/Users/zhengmingming/Documents/java/repository/org/hibernate/hibernate-core/5.3.10.Final/hibernate-core-5.3.10.Final.jar:/Users/zhengmingming/Documents/java/repository/org/jboss/logging/jboss-logging/3.3.2.Final/jboss-logging-3.3.2.Final.jar:/Users/zhengmingming/Documents/java/repository/javax/persistence/javax.persistence-api/2.2/javax.persistence-api-2.2.jar:/Users/zhengmingming/Documents/java/repository/org/javassist/javassist/3.23.2-GA/javassist-3.23.2-GA.jar:/Users/zhengmingming/Documents/java/repository/net/bytebuddy/byte-buddy/1.9.13/byte-buddy-1.9.13.jar:/Users/zhengmingming/Documents/java/repository/antlr/antlr/2.7.7/antlr-2.7.7.jar:/Users/zhengmingming/Documents/java/repository/org/jboss/jandex/2.0.5.Final/jandex-2.0.5.Final.jar:/Users/zhengmingming/Documents/java/repository/com/fasterxml/classmate/1.4.0/classmate-1.4.0.jar:/Users/zhengmingming/Documents/java/repository/org/dom4j/dom4j/2.1.1/dom4j-2.1.1.jar:/Users/zhengmingming/Documents/java/repository/org/hibernate/common/hibernate-commons-annotations/5.0.4.Final/hibernate-commons-annotations-5.0.4.Final.jar:/Users/zhengmingming/Documents/java/repository/org/springframework/data/spring-data-jpa/2.1.9.RELEASE/spring-data-jpa-2.1.9.RELEASE.jar:/Users/zhengmingming/Documents/java/repository/org/springframework/data/spring-data-commons/2.1.9.RELEASE/spring-data-commons-2.1.9.RELEASE.jar:/Users/zhengmingming/Documents/java/repository/org/springframework/spring-orm/5.1.8.RELEASE/spring-orm-5.1.8.RELEASE.jar:/Users/zhengmingming/Documents/java/repository/org/springframework/spring-context/5.1.8.RELEASE/spring-context-5.1.8.RELEASE.jar:/Users/zhengmingming/Documents/java/repository/org/springframework/spring-tx/5.1.8.RELEASE/spring-tx-5.1.8.RELEASE.jar:/Users/zhengmingming/Documents/java/repository/org/springframework/spring-aspects/5.1.8.RELEASE/spring-aspects-5.1.8.RELEASE.jar:/Users/zhengmingming/Documents/java/repository/org/springframework/boot/spring-boot-starter-thymeleaf/2.1.6.RELEASE/spring-boot-starter-thymeleaf-2.1.6.RELEASE.jar:/Users/zhengmingming/Documents/java/repository/org/thymeleaf/thymeleaf-spring5/3.0.11.RELEASE/thymeleaf-spring5-3.0.11.RELEASE.jar:/Users/zhengmingming/Documents/java/repository/org/thymeleaf/thymeleaf/3.0.11.RELEASE/thymeleaf-3.0.11.RELEASE.jar:/Users/zhengmingming/Documents/java/repository/org/attoparser/attoparser/2.0.5.RELEASE/attoparser-2.0.5.RELEASE.jar:/Users/zhengmingming/Documents/java/repository/org/unbescape/unbescape/1.1.6.RELEASE/unbescape-1.1.6.RELEASE.jar:/Users/zhengmingming/Documents/java/repository/org/thymeleaf/extras/thymeleaf-extras-java8time/3.0.4.RELEASE/thymeleaf-extras-java8time-3.0.4.RELEASE.jar:/Users/zhengmingming/Documents/java/repository/org/springframework/boot/spring-boot-starter-web/2.1.6.RELEASE/spring-boot-starter-web-2.1.6.RELEASE.jar:/Users/zhengmingming/Documents/java/repository/org/springframework/boot/spring-boot-starter-json/2.1.6.RELEASE/spring-boot-starter-json-2.1.6.RELEASE.jar:/Users/zhengmingming/Documents/java/repository/com/fasterxml/jackson/core/jackson-databind/2.9.9/jackson-databind-2.9.9.jar:/Users/zhengmingming/Documents/java/repository/com/fasterxml/jackson/core/jackson-annotations/2.9.0/jackson-annotations-2.9.0.jar:/Users/zhengmingming/Documents/java/repository/com/fasterxml/jackson/core/jackson-core/2.9.9/jackson-core-2.9.9.jar:/Users/zhengmingming/Documents/java/repository/com/fasterxml/jackson/datatype/jackson-datatype-jdk8/2.9.9/jackson-datatype-jdk8-2.9.9.jar:/Users/zhengmingming/Documents/java/repository/com/fasterxml/jackson/datatype/jackson-datatype-jsr310/2.9.9/jackson-datatype-jsr310-2.9.9.jar:/Users/zhengmingming/Documents/java/repository/com/fasterxml/jackson/module/jackson-module-parameter-names/2.9.9/jackson-module-parameter-names-2.9.9.jar:/Users/zhengmingming/Documents/java/repository/org/springframework/boot/spring-boot-starter-tomcat/2.1.6.RELEASE/spring-boot-starter-tomcat-2.1.6.RELEASE.jar:/Users/zhengmingming/Documents/java/repository/org/apache/tomcat/embed/tomcat-embed-core/9.0.21/tomcat-embed-core-9.0.21.jar:/Users/zhengmingming/Documents/java/repository/org/apache/tomcat/embed/tomcat-embed-el/9.0.21/tomcat-embed-el-9.0.21.jar:/Users/zhengmingming/Documents/java/repository/org/apache/tomcat/embed/tomcat-embed-websocket/9.0.21/tomcat-embed-websocket-9.0.21.jar:/Users/zhengmingming/Documents/java/repository/org/hibernate/validator/hibernate-validator/6.0.17.Final/hibernate-validator-6.0.17.Final.jar:/Users/zhengmingming/Documents/java/repository/javax/validation/validation-api/2.0.1.Final/validation-api-2.0.1.Final.jar:/Users/zhengmingming/Documents/java/repository/org/springframework/spring-web/5.1.8.RELEASE/spring-web-5.1.8.RELEASE.jar:/Users/zhengmingming/Documents/java/repository/org/springframework/spring-webmvc/5.1.8.RELEASE/spring-webmvc-5.1.8.RELEASE.jar:/Users/zhengmingming/Documents/java/repository/org/springframework/spring-expression/5.1.8.RELEASE/spring-expression-5.1.8.RELEASE.jar:/Users/zhengmingming/Documents/java/repository/org/springframework/boot/spring-boot-devtools/2.1.6.RELEASE/spring-boot-devtools-2.1.6.RELEASE.jar:/Users/zhengmingming/Documents/java/repository/org/springframework/boot/spring-boot/2.1.6.RELEASE/spring-boot-2.1.6.RELEASE.jar:/Users/zhengmingming/Documents/java/repository/org/springframework/boot/spring-boot-autoconfigure/2.1.6.RELEASE/spring-boot-autoconfigure-2.1.6.RELEASE.jar:/Users/zhengmingming/Documents/java/repository/mysql/mysql-connector-java/8.0.16/mysql-connector-java-8.0.16.jar:/Users/zhengmingming/Documents/java/repository/org/springframework/boot/spring-boot-starter-test/2.1.6.RELEASE/spring-boot-starter-test-2.1.6.RELEASE.jar:/Users/zhengmingming/Documents/java/repository/org/springframework/boot/spring-boot-test/2.1.6.RELEASE/spring-boot-test-2.1.6.RELEASE.jar:/Users/zhengmingming/Documents/java/repository/org/springframework/boot/spring-boot-test-autoconfigure/2.1.6.RELEASE/spring-boot-test-autoconfigure-2.1.6.RELEASE.jar:/Users/zhengmingming/Documents/java/repository/com/jayway/jsonpath/json-path/2.4.0/json-path-2.4.0.jar:/Users/zhengmingming/Documents/java/repository/net/minidev/json-smart/2.3/json-smart-2.3.jar:/Users/zhengmingming/Documents/java/repository/net/minidev/accessors-smart/1.2/accessors-smart-1.2.jar:/Users/zhengmingming/Documents/java/repository/org/ow2/asm/asm/5.0.4/asm-5.0.4.jar:/Users/zhengmingming/Documents/java/repository/junit/junit/4.12/junit-4.12.jar:/Users/zhengmingming/Documents/java/repository/org/assertj/assertj-core/3.11.1/assertj-core-3.11.1.jar:/Users/zhengmingming/Documents/java/repository/org/mockito/mockito-core/2.23.4/mockito-core-2.23.4.jar:/Users/zhengmingming/Documents/java/repository/net/bytebuddy/byte-buddy-agent/1.9.13/byte-buddy-agent-1.9.13.jar:/Users/zhengmingming/Documents/java/repository/org/objenesis/objenesis/2.6/objenesis-2.6.jar:/Users/zhengmingming/Documents/java/repository/org/hamcrest/hamcrest-core/1.3/hamcrest-core-1.3.jar:/Users/zhengmingming/Documents/java/repository/org/hamcrest/hamcrest-library/1.3/hamcrest-library-1.3.jar:/Users/zhengmingming/Documents/java/repository/org/skyscreamer/jsonassert/1.5.0/jsonassert-1.5.0.jar:/Users/zhengmingming/Documents/java/repository/com/vaadin/external/google/android-json/0.0.20131108.vaadin1/android-json-0.0.20131108.vaadin1.jar:/Users/zhengmingming/Documents/java/repository/org/springframework/spring-core/5.1.8.RELEASE/spring-core-5.1.8.RELEASE.jar:/Users/zhengmingming/Documents/java/repository/org/springframework/spring-jcl/5.1.8.RELEASE/spring-jcl-5.1.8.RELEASE.jar:/Users/zhengmingming/Documents/java/repository/org/springframework/spring-test/5.1.8.RELEASE/spring-test-5.1.8.RELEASE.jar:/Users/zhengmingming/Documents/java/repository/org/xmlunit/xmlunit-core/2.6.2/xmlunit-core-2.6.2.jar:/Users/zhengmingming/Documents/java/repository/org/slf4j/slf4j-api/1.6.6/slf4j-api-1.6.6.jar:/Users/zhengmingming/Documents/java/repository/com/atlassian/commonmark/commonmark/0.10.0/commonmark-0.10.0.jar:/Users/zhengmingming/Documents/java/repository/com/atlassian/commonmark/commonmark-ext-heading-anchor/0.10.0/commonmark-ext-heading-anchor-0.10.0.jar:/Users/zhengmingming/Documents/java/repository/com/atlassian/commonmark/commonmark-ext-gfm-tables/0.10.0/commonmark-ext-gfm-tables-0.10.0.jar:"/>
    <property name="java.vm.vendor" value="Oracle Corporation"/>
    <property name="sun.arch.data.model" value="64"/>
    <property name="java.vendor.url" value="http://java.oracle.com/"/>
    <property name="user.timezone" value=""/>
    <property name="java.vm.specification.version" value="1.8"/>
    <property name="os.name" value="Mac OS X"/>
    <property name="user.country" value="CN"/>
    <property name="sun.java.launcher" value="SUN_STANDARD"/>
    <property name="sun.boot.library.path" value="/Library/Java/JavaVirtualMachines/jdk1.8.0_181.jdk/Contents/Home/jre/lib"/>
    <property name="sun.java.command" value="/Users/zhengmingming/IdeaProjects/blog/target/surefire/surefirebooter4482506688108478905.jar /Users/zhengmingming/IdeaProjects/blog/target/surefire 2020-06-17T11-37-33_035-jvmRun1 surefire7207099061744810414tmp surefire_04202105167814324527tmp"/>
    <property name="surefire.test.class.path" value="/Users/zhengmingming/IdeaProjects/blog/target/test-classes:/Users/zhengmingming/IdeaProjects/blog/target/classes:/Users/zhengmingming/Documents/java/repository/org/springframework/boot/spring-boot-starter-aop/2.1.6.RELEASE/spring-boot-starter-aop-2.1.6.RELEASE.jar:/Users/zhengmingming/Documents/java/repository/org/springframework/boot/spring-boot-starter/2.1.6.RELEASE/spring-boot-starter-2.1.6.RELEASE.jar:/Users/zhengmingming/Documents/java/repository/org/springframework/boot/spring-boot-starter-logging/2.1.6.RELEASE/spring-boot-starter-logging-2.1.6.RELEASE.jar:/Users/zhengmingming/Documents/java/repository/ch/qos/logback/logback-classic/1.2.3/logback-classic-1.2.3.jar:/Users/zhengmingming/Documents/java/repository/ch/qos/logback/logback-core/1.2.3/logback-core-1.2.3.jar:/Users/zhengmingming/Documents/java/repository/org/apache/logging/log4j/log4j-to-slf4j/2.11.2/log4j-to-slf4j-2.11.2.jar:/Users/zhengmingming/Documents/java/repository/org/apache/logging/log4j/log4j-api/2.11.2/log4j-api-2.11.2.jar:/Users/zhengmingming/Documents/java/repository/org/slf4j/jul-to-slf4j/1.7.26/jul-to-slf4j-1.7.26.jar:/Users/zhengmingming/Documents/java/repository/javax/annotation/javax.annotation-api/1.3.2/javax.annotation-api-1.3.2.jar:/Users/zhengmingming/Documents/java/repository/org/yaml/snakeyaml/1.23/snakeyaml-1.23.jar:/Users/zhengmingming/Documents/java/repository/org/springframework/spring-aop/5.1.8.RELEASE/spring-aop-5.1.8.RELEASE.jar:/Users/zhengmingming/Documents/java/repository/org/springframework/spring-beans/5.1.8.RELEASE/spring-beans-5.1.8.RELEASE.jar:/Users/zhengmingming/Documents/java/repository/org/aspectj/aspectjweaver/1.9.4/aspectjweaver-1.9.4.jar:/Users/zhengmingming/Documents/java/repository/org/springframework/boot/spring-boot-starter-data-jpa/2.1.6.RELEASE/spring-boot-starter-data-jpa-2.1.6.RELEASE.jar:/Users/zhengmingming/Documents/java/repository/org/springframework/boot/spring-boot-starter-jdbc/2.1.6.RELEASE/spring-boot-starter-jdbc-2.1.6.RELEASE.jar:/Users/zhengmingming/Documents/java/repository/com/zaxxer/HikariCP/3.2.0/HikariCP-3.2.0.jar:/Users/zhengmingming/Documents/java/repository/org/springframework/spring-jdbc/5.1.8.RELEASE/spring-jdbc-5.1.8.RELEASE.jar:/Users/zhengmingming/Documents/java/repository/javax/transaction/javax.transaction-api/1.3/javax.transaction-api-1.3.jar:/Users/zhengmingming/Documents/java/repository/javax/xml/bind/jaxb-api/2.3.1/jaxb-api-2.3.1.jar:/Users/zhengmingming/Documents/java/repository/javax/activation/javax.activation-api/1.2.0/javax.activation-api-1.2.0.jar:/Users/zhengmingming/Documents/java/repository/org/hibernate/hibernate-core/5.3.10.Final/hibernate-core-5.3.10.Final.jar:/Users/zhengmingming/Documents/java/repository/org/jboss/logging/jboss-logging/3.3.2.Final/jboss-logging-3.3.2.Final.jar:/Users/zhengmingming/Documents/java/repository/javax/persistence/javax.persistence-api/2.2/javax.persistence-api-2.2.jar:/Users/zhengmingming/Documents/java/repository/org/javassist/javassist/3.23.2-GA/javassist-3.23.2-GA.jar:/Users/zhengmingming/Documents/java/repository/net/bytebuddy/byte-buddy/1.9.13/byte-buddy-1.9.13.jar:/Users/zhengmingming/Documents/java/repository/antlr/antlr/2.7.7/antlr-2.7.7.jar:/Users/zhengmingming/Documents/java/repository/org/jboss/jandex/2.0.5.Final/jandex-2.0.5.Final.jar:/Users/zhengmingming/Documents/java/repository/com/fasterxml/classmate/1.4.0/classmate-1.4.0.jar:/Users/zhengmingming/Documents/java/repository/org/dom4j/dom4j/2.1.1/dom4j-2.1.1.jar:/Users/zhengmingming/Documents/java/repository/org/hibernate/common/hibernate-commons-annotations/5.0.4.Final/hibernate-commons-annotations-5.0.4.Final.jar:/Users/zhengmingming/Documents/java/repository/org/springframework/data/spring-data-jpa/2.1.9.RELEASE/spring-data-jpa-2.1.9.RELEASE.jar:/Users/zhengmingming/Documents/java/repository/org/springframework/data/spring-data-commons/2.1.9.RELEASE/spring-data-commons-2.1.9.RELEASE.jar:/Users/zhengmingming/Documents/java/repository/org/springframework/spring-orm/5.1.8.RELEASE/spring-orm-5.1.8.RELEASE.jar:/Users/zhengmingming/Documents/java/repository/org/springframework/spring-context/5.1.8.RELEASE/spring-context-5.1.8.RELEASE.jar:/Users/zhengmingming/Documents/java/repository/org/springframework/spring-tx/5.1.8.RELEASE/spring-tx-5.1.8.RELEASE.jar:/Users/zhengmingming/Documents/java/repository/org/springframework/spring-aspects/5.1.8.RELEASE/spring-aspects-5.1.8.RELEASE.jar:/Users/zhengmingming/Documents/java/repository/org/springframework/boot/spring-boot-starter-thymeleaf/2.1.6.RELEASE/spring-boot-starter-thymeleaf-2.1.6.RELEASE.jar:/Users/zhengmingming/Documents/java/repository/org/thymeleaf/thymeleaf-spring5/3.0.11.RELEASE/thymeleaf-spring5-3.0.11.RELEASE.jar:/Users/zhengmingming/Documents/java/repository/org/thymeleaf/thymeleaf/3.0.11.RELEASE/thymeleaf-3.0.11.RELEASE.jar:/Users/zhengmingming/Documents/java/repository/org/attoparser/attoparser/2.0.5.RELEASE/attoparser-2.0.5.RELEASE.jar:/Users/zhengmingming/Documents/java/repository/org/unbescape/unbescape/1.1.6.RELEASE/unbescape-1.1.6.RELEASE.jar:/Users/zhengmingming/Documents/java/repository/org/thymeleaf/extras/thymeleaf-extras-java8time/3.0.4.RELEASE/thymeleaf-extras-java8time-3.0.4.RELEASE.jar:/Users/zhengmingming/Documents/java/repository/org/springframework/boot/spring-boot-starter-web/2.1.6.RELEASE/spring-boot-starter-web-2.1.6.RELEASE.jar:/Users/zhengmingming/Documents/java/repository/org/springframework/boot/spring-boot-starter-json/2.1.6.RELEASE/spring-boot-starter-json-2.1.6.RELEASE.jar:/Users/zhengmingming/Documents/java/repository/com/fasterxml/jackson/core/jackson-databind/2.9.9/jackson-databind-2.9.9.jar:/Users/zhengmingming/Documents/java/repository/com/fasterxml/jackson/core/jackson-annotations/2.9.0/jackson-annotations-2.9.0.jar:/Users/zhengmingming/Documents/java/repository/com/fasterxml/jackson/core/jackson-core/2.9.9/jackson-core-2.9.9.jar:/Users/zhengmingming/Documents/java/repository/com/fasterxml/jackson/datatype/jackson-datatype-jdk8/2.9.9/jackson-datatype-jdk8-2.9.9.jar:/Users/zhengmingming/Documents/java/repository/com/fasterxml/jackson/datatype/jackson-datatype-jsr310/2.9.9/jackson-datatype-jsr310-2.9.9.jar:/Users/zhengmingming/Documents/java/repository/com/fasterxml/jackson/module/jackson-module-parameter-names/2.9.9/jackson-module-parameter-names-2.9.9.jar:/Users/zhengmingming/Documents/java/repository/org/springframework/boot/spring-boot-starter-tomcat/2.1.6.RELEASE/spring-boot-starter-tomcat-2.1.6.RELEASE.jar:/Users/zhengmingming/Documents/java/repository/org/apache/tomcat/embed/tomcat-embed-core/9.0.21/tomcat-embed-core-9.0.21.jar:/Users/zhengmingming/Documents/java/repository/org/apache/tomcat/embed/tomcat-embed-el/9.0.21/tomcat-embed-el-9.0.21.jar:/Users/zhengmingming/Documents/java/repository/org/apache/tomcat/embed/tomcat-embed-websocket/9.0.21/tomcat-embed-websocket-9.0.21.jar:/Users/zhengmingming/Documents/java/repository/org/hibernate/validator/hibernate-validator/6.0.17.Final/hibernate-validator-6.0.17.Final.jar:/Users/zhengmingming/Documents/java/repository/javax/validation/validation-api/2.0.1.Final/validation-api-2.0.1.Final.jar:/Users/zhengmingming/Documents/java/repository/org/springframework/spring-web/5.1.8.RELEASE/spring-web-5.1.8.RELEASE.jar:/Users/zhengmingming/Documents/java/repository/org/springframework/spring-webmvc/5.1.8.RELEASE/spring-webmvc-5.1.8.RELEASE.jar:/Users/zhengmingming/Documents/java/repository/org/springframework/spring-expression/5.1.8.RELEASE/spring-expression-5.1.8.RELEASE.jar:/Users/zhengmingming/Documents/java/repository/org/springframework/boot/spring-boot-devtools/2.1.6.RELEASE/spring-boot-devtools-2.1.6.RELEASE.jar:/Users/zhengmingming/Documents/java/repository/org/springframework/boot/spring-boot/2.1.6.RELEASE/spring-boot-2.1.6.RELEASE.jar:/Users/zhengmingming/Documents/java/repository/org/springframework/boot/spring-boot-autoconfigure/2.1.6.RELEASE/spring-boot-autoconfigure-2.1.6.RELEASE.jar:/Users/zhengmingming/Documents/java/repository/mysql/mysql-connector-java/8.0.16/mysql-connector-java-8.0.16.jar:/Users/zhengmingming/Documents/java/repository/org/springframework/boot/spring-boot-starter-test/2.1.6.RELEASE/spring-boot-starter-test-2.1.6.RELEASE.jar:/Users/zhengmingming/Documents/java/repository/org/springframework/boot/spring-boot-test/2.1.6.RELEASE/spring-boot-test-2.1.6.RELEASE.jar:/Users/zhengmingming/Documents/java/repository/org/springframework/boot/spring-boot-test-autoconfigure/2.1.6.RELEASE/spring-boot-test-autoconfigure-2.1.6.RELEASE.jar:/Users/zhengmingming/Documents/java/repository/com/jayway/jsonpath/json-path/2.4.0/json-path-2.4.0.jar:/Users/zhengmingming/Documents/java/repository/net/minidev/json-smart/2.3/json-smart-2.3.jar:/Users/zhengmingming/Documents/java/repository/net/minidev/accessors-smart/1.2/accessors-smart-1.2.jar:/Users/zhengmingming/Documents/java/repository/org/ow2/asm/asm/5.0.4/asm-5.0.4.jar:/Users/zhengmingming/Documents/java/repository/junit/junit/4.12/junit-4.12.jar:/Users/zhengmingming/Documents/java/repository/org/assertj/assertj-core/3.11.1/assertj-core-3.11.1.jar:/Users/zhengmingming/Documents/java/repository/org/mockito/mockito-core/2.23.4/mockito-core-2.23.4.jar:/Users/zhengmingming/Documents/java/repository/net/bytebuddy/byte-buddy-agent/1.9.13/byte-buddy-agent-1.9.13.jar:/Users/zhengmingming/Documents/java/repository/org/objenesis/objenesis/2.6/objenesis-2.6.jar:/Users/zhengmingming/Documents/java/repository/org/hamcrest/hamcrest-core/1.3/hamcrest-core-1.3.jar:/Users/zhengmingming/Documents/java/repository/org/hamcrest/hamcrest-library/1.3/hamcrest-library-1.3.jar:/Users/zhengmingming/Documents/java/repository/org/skyscreamer/jsonassert/1.5.0/jsonassert-1.5.0.jar:/Users/zhengmingming/Documents/java/repository/com/vaadin/external/google/android-json/0.0.20131108.vaadin1/android-json-0.0.20131108.vaadin1.jar:/Users/zhengmingming/Documents/java/repository/org/springframework/spring-core/5.1.8.RELEASE/spring-core-5.1.8.RELEASE.jar:/Users/zhengmingming/Documents/java/repository/org/springframework/spring-jcl/5.1.8.RELEASE/spring-jcl-5.1.8.RELEASE.jar:/Users/zhengmingming/Documents/java/repository/org/springframework/spring-test/5.1.8.RELEASE/spring-test-5.1.8.RELEASE.jar:/Users/zhengmingming/Documents/java/repository/org/xmlunit/xmlunit-core/2.6.2/xmlunit-core-2.6.2.jar:/Users/zhengmingming/Documents/java/repository/org/slf4j/slf4j-api/1.6.6/slf4j-api-1.6.6.jar:/Users/zhengmingming/Documents/java/repository/com/atlassian/commonmark/commonmark/0.10.0/commonmark-0.10.0.jar:/Users/zhengmingming/Documents/java/repository/com/atlassian/commonmark/commonmark-ext-heading-anchor/0.10.0/commonmark-ext-heading-anchor-0.10.0.jar:/Users/zhengmingming/Documents/java/repository/com/atlassian/commonmark/commonmark-ext-gfm-tables/0.10.0/commonmark-ext-gfm-tables-0.10.0.jar:"/>
    <property name="sun.cpu.endian" value="little"/>
    <property name="user.home" value="/Users/zhengmingming"/>
    <property name="user.language" value="zh"/>
    <property name="java.specification.vendor" value="Oracle Corporation"/>
    <property name="java.home" value="/Library/Java/JavaVirtualMachines/jdk1.8.0_181.jdk/Contents/Home/jre"/>
    <property name="basedir" value="/Users/zhengmingming/IdeaProjects/blog"/>
    <property name="file.separator" value="/"/>
    <property name="line.separator" value="&#10;"/>
    <property name="java.vm.specification.vendor" value="Oracle Corporation"/>
    <property name="java.specification.name" value="Java Platform API Specification"/>
    <property name="java.awt.graphicsenv" value="sun.awt.CGraphicsEnvironment"/>
    <property name="idea.version2020.1.1" value="true"/>
    <property name="surefire.real.class.path" value="/Users/zhengmingming/IdeaProjects/blog/target/surefire/surefirebooter4482506688108478905.jar"/>
    <property name="sun.boot.class.path" value="/Library/Java/JavaVirtualMachines/jdk1.8.0_181.jdk/Contents/Home/jre/lib/resources.jar:/Library/Java/JavaVirtualMachines/jdk1.8.0_181.jdk/Contents/Home/jre/lib/rt.jar:/Library/Java/JavaVirtualMachines/jdk1.8.0_181.jdk/Contents/Home/jre/lib/sunrsasign.jar:/Library/Java/JavaVirtualMachines/jdk1.8.0_181.jdk/Contents/Home/jre/lib/jsse.jar:/Library/Java/JavaVirtualMachines/jdk1.8.0_181.jdk/Contents/Home/jre/lib/jce.jar:/Library/Java/JavaVirtualMachines/jdk1.8.0_181.jdk/Contents/Home/jre/lib/charsets.jar:/Library/Java/JavaVirtualMachines/jdk1.8.0_181.jdk/Contents/Home/jre/lib/jfr.jar:/Library/Java/JavaVirtualMachines/jdk1.8.0_181.jdk/Contents/Home/jre/classes"/>
    <property name="sun.management.compiler" value="HotSpot 64-Bit Tiered Compilers"/>
    <property name="java.runtime.version" value="1.8.0_181-b13"/>
    <property name="user.name" value="zhengmingming"/>
    <property name="path.separator" value=":"/>
    <property name="os.version" value="10.15.4"/>
    <property name="java.endorsed.dirs" value="/Library/Java/JavaVirtualMachines/jdk1.8.0_181.jdk/Contents/Home/jre/lib/endorsed"/>
    <property name="java.runtime.name" value="Java(TM) SE Runtime Environment"/>
    <property name="file.encoding" value="UTF-8"/>
    <property name="java.vm.name" value="Java HotSpot(TM) 64-Bit Server VM"/>
    <property name="localRepository" value="/Users/zhengmingming/Documents/java/repository"/>
    <property name="java.vendor.url.bug" value="http://bugreport.sun.com/bugreport/"/>
    <property name="java.io.tmpdir" value="/var/folders/n7/27wdc88909v_s51_ylz6b08h0000gn/T/"/>
    <property name="java.version" value="1.8.0_181"/>
    <property name="user.dir" value="/Users/zhengmingming/IdeaProjects/blog"/>
    <property name="os.arch" value="x86_64"/>
    <property name="java.vm.specification.name" value="Java Virtual Machine Specification"/>
    <property name="java.awt.printerjob" value="sun.lwawt.macosx.CPrinterJob"/>
    <property name="sun.os.patch.level" value="unknown"/>
    <property name="java.library.path" value="/Users/zhengmingming/Library/Java/Extensions:/Library/Java/Extensions:/Network/Library/Java/Extensions:/System/Library/Java/Extensions:/usr/lib/java:."/>
    <property name="java.vm.info" value="mixed mode"/>
    <property name="java.vendor" value="Oracle Corporation"/>
    <property name="java.vm.version" value="25.181-b13"/>
    <property name="java.ext.dirs" value="/Users/zhengmingming/Library/Java/Extensions:/Library/Java/JavaVirtualMachines/jdk1.8.0_181.jdk/Contents/Home/jre/lib/ext:/Library/Java/Extensions:/Network/Library/Java/Extensions:/System/Library/Java/Extensions:/usr/lib/java"/>
    <property name="sun.io.unicode.encoding" value="UnicodeBig"/>
    <property name="java.class.version" value="52.0"/>
  </properties>
  <testcase name="contextLoads" classname="com.zmm.BlogApplicationTests" time="0.053"/>
</testsuite>